Base path: /Applications/Unity/Hub/Editor/2019.1.8f1/Unity.app/Contents
Cmd: initializeCompiler
Cmd: compileComputeKernel
  api=14 insize=3273 outsize=7909 ok=1
Cmd: translateComputeKernel
  api=14 insize=6657 outsize=1561 ok=1
Cmd: compileComputeKernel
  api=14 insize=1526 outsize=781 ok=1
Cmd: compileSnippet
  api=15 type=0 insize=1454 outsize=10529 kw=UNITY_PASS_FORWARDADD POINT pd=UNITY_ENABLE_REFLECTION_BUFFERS UNITY_USE_DITHER_MASK_FOR_ALPHABLENDED_SHADOWS UNITY_PBS_USE_BRDF1 UNITY_SPECCUBE_BOX_PROJECTION UNITY_SPECCUBE_BLENDING UNITY_ENABLE_DETAIL_NORMALMAP SHADER_API_DESKTOP UNITY_COLORSPACE_GAMMA UNITY_LIGHT_PROBE_PROXY_VOLUME UNITY_LIGHTMAP_RGBM_ENCODING ok=1
Cmd: initializeCompiler
Cmd: compileComputeKernel
  api=14 insize=10881 outsize=11297 ok=1
Cmd: translateComputeKernel
  api=14 insize=11453 outsize=22673 ok=1
Cmd: translateComputeKernel
  api=14 insize=11249 outsize=18625 ok=1
Cmd: compileComputeKernel
  api=14 insize=18299 outsize=9721 ok=1
Cmd: compileComputeKernel
  api=14 insize=18299 outsize=11797 ok=1
Cmd: translateComputeKernel
  api=14 insize=9721 outsize=16629 ok=1
Cmd: compileSnippet
  api=15 type=0 insize=3914 outsize=29796 kw=FXAA pd=UNITY_ENABLE_REFLECTION_BUFFERS UNITY_USE_DITHER_MASK_FOR_ALPHABLENDED_SHADOWS UNITY_PBS_USE_BRDF1 UNITY_SPECCUBE_BOX_PROJECTION UNITY_SPECCUBE_BLENDING UNITY_ENABLE_DETAIL_NORMALMAP SHADER_API_DESKTOP UNITY_COLORSPACE_GAMMA UNITY_LIGHT_PROBE_PROXY_VOLUME UNITY_LIGHTMAP_RGBM_ENCODING ok=1
Cmd: compileSnippet
  api=15 type=1 insize=731 outsize=0 kw=ETC1_EXTERNAL_ALPHA pd=UNITY_ENABLE_REFLECTION_BUFFERS UNITY_USE_DITHER_MASK_FOR_ALPHABLENDED_SHADOWS UNITY_PBS_USE_BRDF1 UNITY_SPECCUBE_BOX_PROJECTION UNITY_SPECCUBE_BLENDING UNITY_ENABLE_DETAIL_NORMALMAP SHADER_API_DESKTOP UNITY_COLORSPACE_GAMMA UNITY_LIGHT_PROBE_PROXY_VOLUME UNITY_LIGHTMAP_RGBM_ENCODING ok=1
